<?xml version="1.0" encoding="UTF-8" ?>
<testsuite failures="2" time="1.8" errors="0" skipped="0" tests="9" name="com.aafonso.snakyserenades.SnakyAppTest">
  <properties>
[...]
</properties>
  <testcase time="0.002" classname="com.aafonso.snakyserenades.SnakyAppTest" name="testSingerSnake"/>
  <testcase time="0.019" classname="com.aafonso.snakyserenades.SnakyAppTest" name="testSingerSnakeEsemble"/>
  <testcase time="1.314" classname="com.aafonso.snakyserenades.SnakyAppTest" name="testAppInit"/>
  <testcase time="0.251" classname="com.aafonso.snakyserenades.SnakyAppTest" name="testAppSample01_0"/>
  <testcase time="0.036" classname="com.aafonso.snakyserenades.SnakyAppTest" name="testAppSample01_1"/>
  <testcase time="0.042" classname="com.aafonso.snakyserenades.SnakyAppTest" name="testAppSample02_0"/>
  <testcase time="0.008" classname="com.aafonso.snakyserenades.SnakyAppTest" name="testAppSample02_1"/>
  <testcase time="0.06" classname="com.aafonso.snakyserenades.SnakyAppTest" name="testAppSample04_0">
    <failure message="expected:&lt;3&gt; but was:&lt;10&gt;" type="junit.framework.AssertionFailedError">junit.framework.AssertionFailedError: expected:&lt;3&gt; but was:&lt;10&gt;
	at junit.framework.Assert.fail(Assert.java:47)
	at junit.framework.Assert.failNotEquals(Assert.java:282)
	at junit.framework.Assert.assertEquals(Assert.java:64)
	at junit.framework.Assert.assertEquals(Assert.java:201)
	at junit.framework.Assert.assertEquals(Assert.java:207)
	at com.aafonso.snakyserenades.SnakyAppTest.testAppSample04_0(SnakyAppTest.java:165)
</failure>
    <system-out>2013-11-26 17:25:34 INFO  SnakyController:73 - Parameters read: Filename=&apos;snakefiles//sample04.txt&apos; and Category=&apos;0&apos;
2013-11-26 17:25:35 INFO  SnakyController:135 - FileSnake Decoded - Delta 3 -1
2013-11-26 17:25:35 INFO  SnakyController:135 - FileSnake Decoded - Charlie 2 -1
2013-11-26 17:25:35 INFO  SnakyController:135 - FileSnake Decoded - Echo 4 -1
2013-11-26 17:25:35 INFO  SnakyController:135 - FileSnake Decoded - Foxtrot 5 -1
2013-11-26 17:25:35 INFO  SnakyController:135 - FileSnake Decoded - India 8 -1
2013-11-26 17:25:35 INFO  SnakyController:135 - FileSnake Decoded - Alfa 0 -1
2013-11-26 17:25:35 INFO  SnakyController:135 - FileSnake Decoded - Brava 1 -1
2013-11-26 17:25:35 INFO  SnakyController:135 - FileSnake Decoded - Golf 6 -1
2013-11-26 17:25:35 INFO  SnakyController:135 - FileSnake Decoded - Juliett 9 -1
2013-11-26 17:25:35 INFO  SnakyController:135 - FileSnake Decoded - Kilo 0 1
</system-out>
  </testcase>
  <testcase time="0.042" classname="com.aafonso.snakyserenades.SnakyAppTest" name="testAppSample05_0">
    <failure message="expected:&lt;3&gt; but was:&lt;11&gt;" type="junit.framework.AssertionFailedError">junit.framework.AssertionFailedError: expected:&lt;3&gt; but was:&lt;11&gt;
	at junit.framework.Assert.fail(Assert.java:47)
	at junit.framework.Assert.failNotEquals(Assert.java:282)
	at junit.framework.Assert.assertEquals(Assert.java:64)
	at junit.framework.Assert.assertEquals(Assert.java:201)
	at junit.framework.Assert.assertEquals(Assert.java:207)
	at com.aafonso.snakyserenades.SnakyAppTest.testAppSample05_0(SnakyAppTest.java:178)
</failure>
    <system-out>2013-11-26 17:25:35 INFO  SnakyController:73 - Parameters read: Filename=&apos;snakefiles//sample05.txt&apos; and Category=&apos;0&apos;
2013-11-26 17:25:35 INFO  SnakyController:135 - FileSnake Decoded - Alfa-0 1 0
2013-11-26 17:25:35 INFO  SnakyController:135 - FileSnake Decoded - Brava-1 1 0
2013-11-26 17:25:35 INFO  SnakyController:135 - FileSnake Decoded - Charlie-2 3 3
2013-11-26 17:25:35 INFO  SnakyController:135 - FileSnake Decoded - Delta-3 2 9
2013-11-26 17:25:35 INFO  SnakyController:135 - FileSnake Decoded - Echo-4 7 2
2013-11-26 17:25:35 INFO  SnakyController:135 - FileSnake Decoded - Foxtrot-5 8 4
2013-11-26 17:25:35 INFO  SnakyController:135 - FileSnake Decoded - Golf-6 9 1
2013-11-26 17:25:35 INFO  SnakyController:135 - FileSnake Decoded - Hotel-7 6 5
2013-11-26 17:25:35 INFO  SnakyController:135 - FileSnake Decoded - India-8 0 6
2013-11-26 17:25:35 INFO  SnakyController:135 - FileSnake Decoded - Juliett-9 10 4
2013-11-26 17:25:35 INFO  SnakyController:135 - FileSnake Decoded - Kilo-10 0 10
</system-out>
  </testcase>
</testsuite>