<?xml version="1.0" encoding="UTF-8" ?>
<testsuite failures="2" time="1.8" errors="0" skipped="0" tests="9" name="com.aafonso.snakyserenades.SnakyAppTest">
  <properties>
    <property name="java.runtime.name" value="Java(TM) SE Runtime Environment"/>
    <property name="sun.boot.library.path" value="/System/Library/Java/JavaVirtualMachines/1.6.0.jdk/Contents/Libraries"/>
    <property name="java.vm.version" value="20.65-b04-462"/>
    <property name="awt.nativeDoubleBuffering" value="true"/>
    <property name="gopherProxySet" value="false"/>
    <property name="mrj.build" value="11M4609"/>
    <property name="java.vm.vendor" value="Apple Inc."/>
    <property name="java.vendor.url" value="http://www.apple.com/"/>
    <property name="path.separator" value=":"/>
    <property name="guice.disable.misplaced.annotation.check" value="true"/>
    <property name="java.vm.name" value="Java HotSpot(TM) 64-Bit Server VM"/>
    <property name="file.encoding.pkg" value="sun.io"/>
    <property name="user.country" value="ES"/>
    <property name="sun.java.launcher" value="SUN_STANDARD"/>
    <property name="sun.os.patch.level" value="unknown"/>
    <property name="java.vm.specification.name" value="Java Virtual Machine Specification"/>
    <property name="user.dir" value="/Users/aafonso/Development/Git/snakyserenades/snakyserenades"/>
    <property name="java.runtime.version" value="1.6.0_65-b14-462-11M4609"/>
    <property name="java.awt.graphicsenv" value="apple.awt.CGraphicsEnvironment"/>
    <property name="java.endorsed.dirs" value="/System/Library/Java/JavaVirtualMachines/1.6.0.jdk/Contents/Home/lib/endorsed"/>
    <property name="os.arch" value="x86_64"/>
    <property name="java.io.tmpdir" value="/var/folders/13/9hnfz93s2z3f4xqv4m1ygq5c0000gn/T/"/>
    <property name="line.separator" value="
"/>
    <property name="java.vm.specification.vendor" value="Sun Microsystems Inc."/>
    <property name="os.name" value="Mac OS X"/>
    <property name="classworlds.conf" value="/Users/aafonso/Development/Eclipse_Agrabanet/.metadata/.plugins/org.eclipse.m2e.core/launches/m2conf7316578510692041352.tmp"/>
    <property name="sun.jnu.encoding" value="MacRoman"/>
    <property name="java.library.path" value=".:/Library/Java/Extensions:/System/Library/Java/Extensions:/usr/lib/java"/>
    <property name="java.specification.name" value="Java Platform API Specification"/>
    <property name="java.class.version" value="50.0"/>
    <property name="sun.management.compiler" value="HotSpot 64-Bit Tiered Compilers"/>
    <property name="os.version" value="10.9"/>
    <property name="http.nonProxyHosts" value="local|*.local|169.254/16|*.169.254/16"/>
    <property name="user.home" value="/Users/aafonso"/>
    <property name="user.timezone" value="Europe/London"/>
    <property name="java.awt.printerjob" value="apple.awt.CPrinterJob"/>
    <property name="java.specification.version" value="1.6"/>
    <property name="file.encoding" value="MacRoman"/>
    <property name="user.name" value="aafonso"/>
    <property name="java.class.path" value="/Applications/eclipse/configuration/org.eclipse.osgi/bundles/239/1/.cp/jars/plexus-classworlds-2.4.jar"/>
    <property name="java.vm.specification.version" value="1.0"/>
    <property name="sun.arch.data.model" value="64"/>
    <property name="java.home" value="/System/Library/Java/JavaVirtualMachines/1.6.0.jdk/Contents/Home"/>
    <property name="sun.java.command" value="org.codehaus.plexus.classworlds.launcher.Launcher -B -s /Users/aafonso/.m2/settings.xml install"/>
    <property name="java.specification.vendor" value="Sun Microsystems Inc."/>
    <property name="user.language" value="es"/>
    <property name="awt.toolkit" value="apple.awt.CToolkit"/>
    <property name="java.vm.info" value="mixed mode"/>
    <property name="java.version" value="1.6.0_65"/>
    <property name="java.ext.dirs" value="/Library/Java/Extensions:/System/Library/Java/Extensions:/System/Library/Java/JavaVirtualMachines/1.6.0.jdk/Contents/Home/lib/ext"/>
    <property name="sun.boot.class.path" value="/System/Library/Java/JavaVirtualMachines/1.6.0.jdk/Contents/Classes/jsfd.jar:/System/Library/Java/JavaVirtualMachines/1.6.0.jdk/Contents/Classes/classes.jar:/System/Library/Frameworks/JavaVM.framework/Frameworks/JavaRuntimeSupport.framework/Resources/Java/JavaRuntimeSupport.jar:/System/Library/Java/JavaVirtualMachines/1.6.0.jdk/Contents/Classes/ui.jar:/System/Library/Java/JavaVirtualMachines/1.6.0.jdk/Contents/Classes/laf.jar:/System/Library/Java/JavaVirtualMachines/1.6.0.jdk/Contents/Classes/sunrsasign.jar:/System/Library/Java/JavaVirtualMachines/1.6.0.jdk/Contents/Classes/jsse.jar:/System/Library/Java/JavaVirtualMachines/1.6.0.jdk/Contents/Classes/jce.jar:/System/Library/Java/JavaVirtualMachines/1.6.0.jdk/Contents/Classes/charsets.jar"/>
    <property name="java.vendor" value="Apple Inc."/>
    <property name="maven.home" value="/Users/aafonso/Development/Git/snakyserenades/snakyserenades/EMBEDDED"/>
    <property name="file.separator" value="/"/>
    <property name="java.vendor.url.bug" value="http://bugreport.apple.com/"/>
    <property name="sun.cpu.endian" value="little"/>
    <property name="sun.io.unicode.encoding" value="UnicodeLittle"/>
    <property name="mrj.version" value="1070.1.6.0_65-462"/>
    <property name="socksNonProxyHosts" value="local|*.local|169.254/16|*.169.254/16"/>
    <property name="ftp.nonProxyHosts" value="local|*.local|169.254/16|*.169.254/16"/>
    <property name="sun.cpu.isalist" value=""/>
  </properties>
  <testcase time="0.002" classname="com.aafonso.snakyserenades.SnakyAppTest" name="testSingerSnake"/>
  <testcase time="0.019" classname="com.aafonso.snakyserenades.SnakyAppTest" name="testSingerSnakeEsemble"/>
  <testcase time="1.314" classname="com.aafonso.snakyserenades.SnakyAppTest" name="testAppInit"/>
  <testcase time="0.251" classname="com.aafonso.snakyserenades.SnakyAppTest" name="testAppSample01_0"/>
  <testcase time="0.036" classname="com.aafonso.snakyserenades.SnakyAppTest" name="testAppSample01_1"/>
  <testcase time="0.042" classname="com.aafonso.snakyserenades.SnakyAppTest" name="testAppSample02_0"/>
  <testcase time="0.008" classname="com.aafonso.snakyserenades.SnakyAppTest" name="testAppSample02_1"/>
  <testcase time="0.06" classname="com.aafonso.snakyserenades.SnakyAppTest" name="testAppSample04_0">
    <failure message="expected:&lt;3&gt; but was:&lt;10&gt;" type="junit.framework.AssertionFailedError">junit.framework.AssertionFailedError: expected:&lt;3&gt; but was:&lt;10&gt;
	at junit.framework.Assert.fail(Assert.java:47)
	at junit.framework.Assert.failNotEquals(Assert.java:282)
	at junit.framework.Assert.assertEquals(Assert.java:64)
	at junit.framework.Assert.assertEquals(Assert.java:201)
	at junit.framework.Assert.assertEquals(Assert.java:207)
	at com.aafonso.snakyserenades.SnakyAppTest.testAppSample04_0(SnakyAppTest.java:165)
</failure>
    <system-out>2013-11-26 17:25:34 INFO  SnakyController:73 - Parameters read: Filename=&apos;snakefiles//sample04.txt&apos; and Category=&apos;0&apos;
2013-11-26 17:25:35 INFO  SnakyController:135 - FileSnake Decoded - Delta 3 -1
2013-11-26 17:25:35 INFO  SnakyController:135 - FileSnake Decoded - Charlie 2 -1
2013-11-26 17:25:35 INFO  SnakyController:135 - FileSnake Decoded - Echo 4 -1
2013-11-26 17:25:35 INFO  SnakyController:135 - FileSnake Decoded - Foxtrot 5 -1
2013-11-26 17:25:35 INFO  SnakyController:135 - FileSnake Decoded - India 8 -1
2013-11-26 17:25:35 INFO  SnakyController:135 - FileSnake Decoded - Alfa 0 -1
2013-11-26 17:25:35 INFO  SnakyController:135 - FileSnake Decoded - Brava 1 -1
2013-11-26 17:25:35 INFO  SnakyController:135 - FileSnake Decoded - Golf 6 -1
2013-11-26 17:25:35 INFO  SnakyController:135 - FileSnake Decoded - Juliett 9 -1
2013-11-26 17:25:35 INFO  SnakyController:135 - FileSnake Decoded - Kilo 0 1
</system-out>
  </testcase>
  <testcase time="0.042" classname="com.aafonso.snakyserenades.SnakyAppTest" name="testAppSample05_0">
    <failure message="expected:&lt;3&gt; but was:&lt;11&gt;" type="junit.framework.AssertionFailedError">junit.framework.AssertionFailedError: expected:&lt;3&gt; but was:&lt;11&gt;
	at junit.framework.Assert.fail(Assert.java:47)
	at junit.framework.Assert.failNotEquals(Assert.java:282)
	at junit.framework.Assert.assertEquals(Assert.java:64)
	at junit.framework.Assert.assertEquals(Assert.java:201)
	at junit.framework.Assert.assertEquals(Assert.java:207)
	at com.aafonso.snakyserenades.SnakyAppTest.testAppSample05_0(SnakyAppTest.java:178)
</failure>
    <system-out>2013-11-26 17:25:35 INFO  SnakyController:73 - Parameters read: Filename=&apos;snakefiles//sample05.txt&apos; and Category=&apos;0&apos;
2013-11-26 17:25:35 INFO  SnakyController:135 - FileSnake Decoded - Alfa-0 1 0
2013-11-26 17:25:35 INFO  SnakyController:135 - FileSnake Decoded - Brava-1 1 0
2013-11-26 17:25:35 INFO  SnakyController:135 - FileSnake Decoded - Charlie-2 3 3
2013-11-26 17:25:35 INFO  SnakyController:135 - FileSnake Decoded - Delta-3 2 9
2013-11-26 17:25:35 INFO  SnakyController:135 - FileSnake Decoded - Echo-4 7 2
2013-11-26 17:25:35 INFO  SnakyController:135 - FileSnake Decoded - Foxtrot-5 8 4
2013-11-26 17:25:35 INFO  SnakyController:135 - FileSnake Decoded - Golf-6 9 1
2013-11-26 17:25:35 INFO  SnakyController:135 - FileSnake Decoded - Hotel-7 6 5
2013-11-26 17:25:35 INFO  SnakyController:135 - FileSnake Decoded - India-8 0 6
2013-11-26 17:25:35 INFO  SnakyController:135 - FileSnake Decoded - Juliett-9 10 4
2013-11-26 17:25:35 INFO  SnakyController:135 - FileSnake Decoded - Kilo-10 0 10
</system-out>
  </testcase>
</testsuite>